Using pre-set license
Built from '2020.3/staging' branch; Version is '2020.3.16f1 (049d6eca3c44) revision 302446'; Using compiler version '192528614'; Build Type 'Release'
OS: 'Windows 10 Home Single Language; OS build 19043.1202; Version 2009; 64bit' Language: 'es' Physical Memory: 8026 MB
BatchMode: 1, IsHumanControllingUs: 0, StartBugReporterOnCrash: 0, Is64bit: 1, IsPro: 0

 COMMAND LINE ARGUMENTS:
C:\Program Files\Unity\Hub\Editor\2020.3.16f1\Editor\Unity.exe
-adb2
-batchMode
-noUpm
-name
AssetImportWorker3
-projectPath
C:/Users/camil/VIP/Drag-and-drop-numbers2
-logFile
Logs/AssetImportWorker3.log
-srvPort
49331
Successfully changed project path to: C:/Users/camil/VIP/Drag-and-drop-numbers2
C:/Users/camil/VIP/Drag-and-drop-numbers2
Using Asset Import Pipeline V2.
Refreshing native plugins compatible for Editor in 351.68 ms, found 3 plugins.
Preloading 0 native plugins for Editor in 0.00 ms.
Initialize engine version: 2020.3.16f1 (049d6eca3c44)
[Subsystems] Discovering subsystems at path C:/Program Files/Unity/Hub/Editor/2020.3.16f1/Editor/Data/Resources/UnitySubsystems
[Subsystems] Discovering subsystems at path C:/Users/camil/VIP/Drag-and-drop-numbers2/Assets
GfxDevice: creating device client; threaded=0
Direct3D:
    Version:  Direct3D 11.0 [level 11.1]
    Renderer: Intel(R) UHD Graphics 620 (ID=0x5917)
    Vendor:   
    VRAM:     4013 MB
    Driver:   26.20.100.7926
Initialize mono
Mono path[0] = 'C:/Program Files/Unity/Hub/Editor/2020.3.16f1/Editor/Data/Managed'
Mono path[1] = 'C:/Program Files/Unity/Hub/Editor/2020.3.16f1/Editor/Data/MonoBleedingEdge/lib/mono/unityjit'
Mono config path = 'C:/Program Files/Unity/Hub/Editor/2020.3.16f1/Editor/Data/MonoBleedingEdge/etc'
Using monoOptions --debugger-agent=transport=dt_socket,embedding=1,server=y,suspend=n,address=127.0.0.1:56772
Begin MonoManager ReloadAssembly
Registering precompiled unity dll's ...
Register platform support module: C:/Program Files/Unity/Hub/Editor/2020.3.16f1/Editor/Data/PlaybackEngines/WindowsStandaloneSupport/UnityEditor.WindowsStandalone.Extensions.dll
Registered in 0.011234 seconds.
Native extension for WindowsStandalone target not found
Refreshing native plugins compatible for Editor in 274.17 ms, found 3 plugins.
Preloading 0 native plugins for Editor in 0.00 ms.
Mono: successfully reloaded assembly
- Completed reload, in 10.668 seconds
Domain Reload Profiling:
	ReloadAssembly (10669ms)
		BeginReloadAssembly (346ms)
			ExecutionOrderSort (0ms)
			DisableScriptedObjects (0ms)
			BackupInstance (0ms)
			ReleaseScriptingObjects (0ms)
			CreateAndSetChildDomain (5ms)
		EndReloadAssembly (2731ms)
			LoadAssemblies (326ms)
			RebuildTransferFunctionScriptingTraits (0ms)
			SetupTypeCache (1016ms)
			ReleaseScriptCaches (0ms)
			RebuildScriptCaches (175ms)
			SetupLoadedEditorAssemblies (1060ms)
				LogAssemblyErrors (0ms)
				InitializePlatformSupportModulesInManaged (23ms)
				SetLoadedEditorAssemblies (1ms)
				RefreshPlugins (274ms)
				BeforeProcessingInitializeOnLoad (63ms)
				ProcessInitializeOnLoadAttributes (526ms)
				ProcessInitializeOnLoadMethodAttributes (172ms)
				AfterProcessingInitializeOnLoad (0ms)
				EditorAssembliesLoaded (0ms)
			ExecutionOrderSort2 (0ms)
			AwakeInstancesAfterBackupRestoration (0ms)
Platform modules already initialized, skipping
Registering precompiled user dll's ...
Registered in 0.071343 seconds.
Begin MonoManager ReloadAssembly
Native extension for WindowsStandalone target not found
Refreshing native plugins compatible for Editor in 4.65 ms, found 3 plugins.
Preloading 0 native plugins for Editor in 0.00 ms.
Mono: successfully reloaded assembly
- Completed reload, in  7.288 seconds
Domain Reload Profiling:
	ReloadAssembly (7295ms)
		BeginReloadAssembly (790ms)
			ExecutionOrderSort (0ms)
			DisableScriptedObjects (23ms)
			BackupInstance (0ms)
			ReleaseScriptingObjects (0ms)
			CreateAndSetChildDomain (82ms)
		EndReloadAssembly (6183ms)
			LoadAssemblies (579ms)
			RebuildTransferFunctionScriptingTraits (0ms)
			SetupTypeCache (2196ms)
			ReleaseScriptCaches (1ms)
			RebuildScriptCaches (359ms)
			SetupLoadedEditorAssemblies (2384ms)
				LogAssemblyErrors (0ms)
				InitializePlatformSupportModulesInManaged (32ms)
				SetLoadedEditorAssemblies (2ms)
				RefreshPlugins (5ms)
				BeforeProcessingInitializeOnLoad (256ms)
				ProcessInitializeOnLoadAttributes (2029ms)
				ProcessInitializeOnLoadMethodAttributes (29ms)
				AfterProcessingInitializeOnLoad (29ms)
				EditorAssembliesLoaded (1ms)
			ExecutionOrderSort2 (0ms)
			AwakeInstancesAfterBackupRestoration (40ms)
Platform modules already initialized, skipping
========================================================================
Worker process is ready to serve import requests
Launched and connected shader compiler UnityShaderCompiler.exe after 0.38 seconds
Refreshing native plugins compatible for Editor in 1.48 ms, found 3 plugins.
Preloading 0 native plugins for Editor in 0.00 ms.
Unloading 1424 Unused Serialized files (Serialized files now loaded: 0)
System memory in use before: 67.3 MB.
System memory in use after: 67.4 MB.

Unloading 34 unused Assets to reduce memory usage. Loaded Objects now: 1927.
Total: 11.899100 ms (FindLiveObjects: 0.609400 ms CreateObjectMapping: 0.273100 ms MarkObjects: 10.715700 ms  DeleteObjects: 0.296800 ms)

AssetImportParameters requested are different than current active one (requested -> active):
  custom:framework-win-MediaFoundation: 216162199b28c13a410421893ffa2e32 -> 
  custom:video-decoder-ogg-theora: a1e56fd34408186e4bbccfd4996cb3dc -> 
  custom:container-muxer-webm: aa71ff27fc2769a1b78a27578f13a17b -> 
  custom:container-demuxer-webm: 4f35f7cbe854078d1ac9338744f61a02 -> 
  custom:container-demuxer-ogg: 62fdf1f143b41e24485cea50d1cbac27 -> 
  custom:video-encoder-webm-vp8: eb34c28f22e8b96e1ab97ce403110664 -> 
  custom:video-decoder-webm-vp8: 9c59270c3fd7afecdb556c50c9e8de78 -> 
  custom:audio-decoder-ogg-vorbis: bf7c407c2cedff20999df2af8eb42d56 -> 
  custom:audio-encoder-webm-vorbis: bf7c407c2cedff20999df2af8eb42d56 -> 
========================================================================
Received Import Request.
  path: Assets/Game/Sprites/mathsBG1.png
  artifactKey: Guid(997541f2c30435a4eb995b5895ca5c1c) Importer(815301076,1909f56bfc062723c751e8b465ee728b)
Start importing Assets/Game/Sprites/mathsBG1.png using Guid(997541f2c30435a4eb995b5895ca5c1c) Importer(815301076,1909f56bfc062723c751e8b465ee728b)  -> (artifact id: '97dc06771ae05f2821e56d77423c8f94') in 0.919922 seconds 
  Import took 0.930530 seconds .

========================================================================
Received Import Request.
  Time since last request: 0.000598 seconds.
  path: Assets/Game/Sprites/pressedButton.png
  artifactKey: Guid(18e05bb558d8057439d7e4a10ba91f10) Importer(815301076,1909f56bfc062723c751e8b465ee728b)
Start importing Assets/Game/Sprites/pressedButton.png using Guid(18e05bb558d8057439d7e4a10ba91f10) Importer(815301076,1909f56bfc062723c751e8b465ee728b)  -> (artifact id: '78741c89765a3bec61e6566e7bb2fb70') in 0.794592 seconds 
  Import took 0.812743 seconds .

========================================================================
Received Import Request.
  Time since last request: 0.001367 seconds.
  path: Assets/Game/Sprites/logo48.png
  artifactKey: Guid(2af76339bc8b2d54aa569cd110695d6e) Importer(815301076,1909f56bfc062723c751e8b465ee728b)
Start importing Assets/Game/Sprites/logo48.png using Guid(2af76339bc8b2d54aa569cd110695d6e) Importer(815301076,1909f56bfc062723c751e8b465ee728b)  -> (artifact id: 'bef0fb03af71d8dac1ca0ef7ef417df6') in 0.175555 seconds 
  Import took 0.197408 seconds .

========================================================================
Received Import Request.
  Time since last request: 0.000582 seconds.
  path: Assets/Game/Sprites/logo192.png
  artifactKey: Guid(0c440740c85d7ed4ea588ac44a7de194) Importer(815301076,1909f56bfc062723c751e8b465ee728b)
Start importing Assets/Game/Sprites/logo192.png using Guid(0c440740c85d7ed4ea588ac44a7de194) Importer(815301076,1909f56bfc062723c751e8b465ee728b)  -> (artifact id: '01a92457e79a39079087849fd04cf632') in 0.101466 seconds 
  Import took 0.111112 seconds .

========================================================================
Received Import Request.
  Time since last request: 0.000651 seconds.
  path: Assets/Game/Sprites/gameOverbutton.png
  artifactKey: Guid(56a9d0727dcaeba4fbc5f49e1b46c789) Importer(815301076,1909f56bfc062723c751e8b465ee728b)
Start importing Assets/Game/Sprites/gameOverbutton.png using Guid(56a9d0727dcaeba4fbc5f49e1b46c789) Importer(815301076,1909f56bfc062723c751e8b465ee728b)  -> (artifact id: 'c621f72f8f03ac16136b4b6ab1beda51') in 2.061992 seconds 
  Import took 2.077255 seconds .

========================================================================
Received Import Request.
  Time since last request: 0.001008 seconds.
  path: Assets/Game/Sprites/spriteSheet.png
  artifactKey: Guid(55db4dcc469f3c2498fbc9ff564ef23a) Importer(815301076,1909f56bfc062723c751e8b465ee728b)
Start importing Assets/Game/Sprites/spriteSheet.png using Guid(55db4dcc469f3c2498fbc9ff564ef23a) Importer(815301076,1909f56bfc062723c751e8b465ee728b)  -> (artifact id: 'd8ebecd0f21c4e06a502b171b2cba00c') in 0.549040 seconds 
  Import took 0.560471 seconds .

========================================================================
Received Import Request.
  Time since last request: 0.001057 seconds.
  path: Assets/Game/Sprites/modeButton.png
  artifactKey: Guid(de449a6598b9c5d4da94fa6e973e3174) Importer(815301076,1909f56bfc062723c751e8b465ee728b)
Start importing Assets/Game/Sprites/modeButton.png using Guid(de449a6598b9c5d4da94fa6e973e3174) Importer(815301076,1909f56bfc062723c751e8b465ee728b)  -> (artifact id: 'c9a33e76e8ceaa2097988149d81e4448') in 0.125177 seconds 
  Import took 0.137092 seconds .

========================================================================
Received Import Request.
  Time since last request: 0.000658 seconds.
  path: Assets/Game/Sprites/rateButton.png
  artifactKey: Guid(60b8f40c52981ba4e9fa6af7a312dba0) Importer(815301076,1909f56bfc062723c751e8b465ee728b)
Start importing Assets/Game/Sprites/rateButton.png using Guid(60b8f40c52981ba4e9fa6af7a312dba0) Importer(815301076,1909f56bfc062723c751e8b465ee728b)  -> (artifact id: '97d9173ef56230bd82acf819d7625155') in 0.086717 seconds 
  Import took 0.098577 seconds .

========================================================================
Received Import Request.
  Time since last request: 0.001779 seconds.
  path: Assets/Game/Sprites/logo96.png
  artifactKey: Guid(3a90aebdbb35fce4a8e093a363de8b6a) Importer(815301076,1909f56bfc062723c751e8b465ee728b)
Start importing Assets/Game/Sprites/logo96.png using Guid(3a90aebdbb35fce4a8e093a363de8b6a) Importer(815301076,1909f56bfc062723c751e8b465ee728b)  -> (artifact id: '68536c71d4e0922a7e86957226cd51dc') in 0.077464 seconds 
  Import took 0.088775 seconds .

========================================================================
Received Import Request.
  Time since last request: 0.004483 seconds.
  path: Assets/Game/Sprites/logo96.png
  artifactKey: Guid(3a90aebdbb35fce4a8e093a363de8b6a) Importer(815301076,1909f56bfc062723c751e8b465ee728b)
Start importing Assets/Game/Sprites/logo96.png using Guid(3a90aebdbb35fce4a8e093a363de8b6a) Importer(815301076,1909f56bfc062723c751e8b465ee728b)  -> (artifact id: '68536c71d4e0922a7e86957226cd51dc') in 0.034720 seconds 
  Import took 0.044720 seconds .

========================================================================
Received Import Request.
  Time since last request: 57.708132 seconds.
  path: Assets/Game/Sprites/headset 2.png
  artifactKey: Guid(eebbc4be4f0c6a0458c76dc0c6395465) Importer(815301076,1909f56bfc062723c751e8b465ee728b)
Start importing Assets/Game/Sprites/headset 2.png using Guid(eebbc4be4f0c6a0458c76dc0c6395465) Importer(815301076,1909f56bfc062723c751e8b465ee728b)  -> (artifact id: '04c49c9b8986d3399a73cb3f92c5686b') in 0.088850 seconds 
  Import took 0.102273 seconds .

========================================================================
Received Import Request.
  Time since last request: 0.003854 seconds.
  path: Assets/Game/Sprites/headset 2.png
  artifactKey: Guid(eebbc4be4f0c6a0458c76dc0c6395465) Importer(815301076,1909f56bfc062723c751e8b465ee728b)
Start importing Assets/Game/Sprites/headset 2.png using Guid(eebbc4be4f0c6a0458c76dc0c6395465) Importer(815301076,1909f56bfc062723c751e8b465ee728b)  -> (artifact id: '04c49c9b8986d3399a73cb3f92c5686b') in 0.040841 seconds 
  Import took 0.052216 seconds .

========================================================================
Received Import Request.
  Time since last request: 123.502915 seconds.
  path: Assets/Game/audios/audio check.mp3
  artifactKey: Guid(f3aaef8dcef909f45b0c7b44443d338a) Importer(815301076,1909f56bfc062723c751e8b465ee728b)
Start importing Assets/Game/audios/audio check.mp3 using Guid(f3aaef8dcef909f45b0c7b44443d338a) Importer(815301076,1909f56bfc062723c751e8b465ee728b)  -> (artifact id: '2df5eda4d599813d27c2e9dcdbac9416') in 0.180347 seconds 
  Import took 0.189974 seconds .

========================================================================
Received Import Request.
  Time since last request: 0.001421 seconds.
  path: Assets/Game/audios/left.mp3
  artifactKey: Guid(2ab83bb5e9911914d93307f4e42633d7) Importer(815301076,1909f56bfc062723c751e8b465ee728b)
Start importing Assets/Game/audios/left.mp3 using Guid(2ab83bb5e9911914d93307f4e42633d7) Importer(815301076,1909f56bfc062723c751e8b465ee728b)  -> (artifact id: '3967e6bcb6b955c8c2f083387810dc04') in 0.046660 seconds 
  Import took 0.055925 seconds .

========================================================================
Received Import Request.
  Time since last request: 0.000413 seconds.
  path: Assets/Game/audios/rigth.mp3
  artifactKey: Guid(e59b4cd1826101a4ead4b57ec3107ec7) Importer(815301076,1909f56bfc062723c751e8b465ee728b)
Start importing Assets/Game/audios/rigth.mp3 using Guid(e59b4cd1826101a4ead4b57ec3107ec7) Importer(815301076,1909f56bfc062723c751e8b465ee728b)  -> (artifact id: '9a470f8661ce3e1fe967c128c465964b') in 0.044143 seconds 
  Import took 0.055667 seconds .

========================================================================
Received Import Request.
  Time since last request: 0.000494 seconds.
  path: Assets/Game/audios/audioCheck.mp3
  artifactKey: Guid(de8958aa8ed57914b8dfc90c16f8b974) Importer(815301076,1909f56bfc062723c751e8b465ee728b)
Start importing Assets/Game/audios/audioCheck.mp3 using Guid(de8958aa8ed57914b8dfc90c16f8b974) Importer(815301076,1909f56bfc062723c751e8b465ee728b)  -> (artifact id: 'ff1016bf2d727b45fb0e1b8a6b79a576') in 0.045379 seconds 
  Import took 0.051992 seconds .

========================================================================
Received Import Request.
  Time since last request: 0.000432 seconds.
  path: Assets/Game/audios/blind_or_not.mp3
  artifactKey: Guid(b8a2ca1f592144242887e9dad93141f5) Importer(815301076,1909f56bfc062723c751e8b465ee728b)
Start importing Assets/Game/audios/blind_or_not.mp3 using Guid(b8a2ca1f592144242887e9dad93141f5) Importer(815301076,1909f56bfc062723c751e8b465ee728b)  -> (artifact id: 'a783e10ced8293244e3572d6cb569bd8') in 0.045757 seconds 
  Import took 0.056199 seconds .

========================================================================
Received Import Request.
  Time since last request: 0.000440 seconds.
  path: Assets/Game/audios/touch2.mp3
  artifactKey: Guid(8d2cfb76c09d06746ad1d6afaba4bab3) Importer(815301076,1909f56bfc062723c751e8b465ee728b)
Start importing Assets/Game/audios/touch2.mp3 using Guid(8d2cfb76c09d06746ad1d6afaba4bab3) Importer(815301076,1909f56bfc062723c751e8b465ee728b)  -> (artifact id: 'f6aea6ca74b4c36171b3b8743233e078') in 0.034729 seconds 
  Import took 0.042804 seconds .

========================================================================
Received Import Request.
  Time since last request: 0.157141 seconds.
  path: Assets/Game/macros/doubleTapDetector.asset
  artifactKey: Guid(5b7e517163437814bbd024621fb1f4e7) Importer(815301076,1909f56bfc062723c751e8b465ee728b)
Start importing Assets/Game/macros/doubleTapDetector.asset using Guid(5b7e517163437814bbd024621fb1f4e7) Importer(815301076,1909f56bfc062723c751e8b465ee728b)  -> (artifact id: 'c9217c6dff7a71a746e7efcc32427c56') in 2.576655 seconds 
  Import took 2.585335 seconds .

========================================================================
Received Import Request.
  Time since last request: 0.001105 seconds.
  path: Assets/Game/macros/initialVoice.asset
  artifactKey: Guid(f88f599896fc8c042af4d0cc6c2f8196) Importer(815301076,1909f56bfc062723c751e8b465ee728b)
Start importing Assets/Game/macros/initialVoice.asset using Guid(f88f599896fc8c042af4d0cc6c2f8196) Importer(815301076,1909f56bfc062723c751e8b465ee728b)  -> (artifact id: 'be46223485ccb418c78a99b0f60cd14b') in 0.281683 seconds 
  Import took 0.293459 seconds .

========================================================================
Received Import Request.
  Time since last request: 3.617452 seconds.
  path: Assets/Scenes/Initial.unity
  artifactKey: Guid(b161aac29636854468bf441ceb6ea396) Importer(815301076,1909f56bfc062723c751e8b465ee728b)
Start importing Assets/Scenes/Initial.unity using Guid(b161aac29636854468bf441ceb6ea396) Importer(815301076,1909f56bfc062723c751e8b465ee728b)  -> (artifact id: '163d2080f309580abd91819e6e50c3ce') in 0.029740 seconds 
  Import took 0.036849 seconds .

========================================================================
Received Prepare
Registering precompiled user dll's ...
Registered in 0.056660 seconds.
Begin MonoManager ReloadAssembly
Native extension for WindowsStandalone target not found
Refreshing native plugins compatible for Editor in 1.45 ms, found 5 plugins.
Preloading 0 native plugins for Editor in 0.00 ms.
Mono: successfully reloaded assembly
- Completed reload, in  5.754 seconds
Domain Reload Profiling:
	ReloadAssembly (5756ms)
		BeginReloadAssembly (561ms)
			ExecutionOrderSort (0ms)
			DisableScriptedObjects (21ms)
			BackupInstance (0ms)
			ReleaseScriptingObjects (0ms)
			CreateAndSetChildDomain (215ms)
		EndReloadAssembly (4765ms)
			LoadAssemblies (496ms)
			RebuildTransferFunctionScriptingTraits (0ms)
			SetupTypeCache (1624ms)
			ReleaseScriptCaches (3ms)
			RebuildScriptCaches (186ms)
			SetupLoadedEditorAssemblies (1922ms)
				LogAssemblyErrors (0ms)
				InitializePlatformSupportModulesInManaged (27ms)
				SetLoadedEditorAssemblies (3ms)
				RefreshPlugins (2ms)
				BeforeProcessingInitializeOnLoad (230ms)
				ProcessInitializeOnLoadAttributes (1604ms)
				ProcessInitializeOnLoadMethodAttributes (19ms)
				AfterProcessingInitializeOnLoad (37ms)
				EditorAssembliesLoaded (2ms)
			ExecutionOrderSort2 (0ms)
			AwakeInstancesAfterBackupRestoration (47ms)
Platform modules already initialized, skipping
Refreshing native plugins compatible for Editor in 2.04 ms, found 5 plugins.
Preloading 0 native plugins for Editor in 0.00 ms.
Unloading 1487 Unused Serialized files (Serialized files now loaded: 0)
System memory in use before: 72.5 MB.
System memory in use after: 72.6 MB.

Unloading 40 unused Assets to reduce memory usage. Loaded Objects now: 2052.
Total: 10.807200 ms (FindLiveObjects: 1.358100 ms CreateObjectMapping: 1.403900 ms MarkObjects: 7.970000 ms  DeleteObjects: 0.070100 ms)

AssetImportParameters requested are different than current active one (requested -> active):
  custom:framework-win-MediaFoundation: 216162199b28c13a410421893ffa2e32 -> 
  custom:video-decoder-ogg-theora: a1e56fd34408186e4bbccfd4996cb3dc -> 
  custom:container-muxer-webm: aa71ff27fc2769a1b78a27578f13a17b -> 
  custom:container-demuxer-webm: 4f35f7cbe854078d1ac9338744f61a02 -> 
  custom:container-demuxer-ogg: 62fdf1f143b41e24485cea50d1cbac27 -> 
  custom:video-encoder-webm-vp8: eb34c28f22e8b96e1ab97ce403110664 -> 
  custom:video-decoder-webm-vp8: 9c59270c3fd7afecdb556c50c9e8de78 -> 
  custom:audio-decoder-ogg-vorbis: bf7c407c2cedff20999df2af8eb42d56 -> 
  custom:audio-encoder-webm-vorbis: bf7c407c2cedff20999df2af8eb42d56 -> 
========================================================================
Received Import Request.
  Time since last request: 602.218644 seconds.
  path: Assets/Sprites/Numbers/0.png
  artifactKey: Guid(601483ecc4f2afa48a09e781367cc6d9) Importer(815301076,1909f56bfc062723c751e8b465ee728b)
Start importing Assets/Sprites/Numbers/0.png using Guid(601483ecc4f2afa48a09e781367cc6d9) Importer(815301076,1909f56bfc062723c751e8b465ee728b)  -> (artifact id: '86c9acdcd2dd28ae3273785add1416a6') in 0.201490 seconds 
  Import took 0.209127 seconds .

========================================================================
Received Import Request.
  Time since last request: 0.000382 seconds.
  path: Assets/Sprites/Numbers/5.png
  artifactKey: Guid(17ba6ad350a99584fa924b3a7053e66c) Importer(815301076,1909f56bfc062723c751e8b465ee728b)
Start importing Assets/Sprites/Numbers/5.png using Guid(17ba6ad350a99584fa924b3a7053e66c) Importer(815301076,1909f56bfc062723c751e8b465ee728b)  -> (artifact id: '14369689e22abd9941ddca837ba7bd73') in 0.051310 seconds 
  Import took 0.059654 seconds .

========================================================================
Received Import Request.
  Time since last request: 0.000436 seconds.
  path: Assets/Sprites/Numbers/4.png
  artifactKey: Guid(9bae9a3fadbd4bc4e94261252b735f73) Importer(815301076,1909f56bfc062723c751e8b465ee728b)
Start importing Assets/Sprites/Numbers/4.png using Guid(9bae9a3fadbd4bc4e94261252b735f73) Importer(815301076,1909f56bfc062723c751e8b465ee728b)  -> (artifact id: '8d838759331dbff95c1c56d2a5e35465') in 0.043004 seconds 
  Import took 0.050718 seconds .

========================================================================
Received Import Request.
  Time since last request: 0.000662 seconds.
  path: Assets/Sprites/Numbers/2.png
  artifactKey: Guid(70ad5ec0b61cbd74e92985ca6d168491) Importer(815301076,1909f56bfc062723c751e8b465ee728b)
Start importing Assets/Sprites/Numbers/2.png using Guid(70ad5ec0b61cbd74e92985ca6d168491) Importer(815301076,1909f56bfc062723c751e8b465ee728b)  -> (artifact id: 'ab4fc55d66d4be98f4bc9fef59bd7902') in 0.045116 seconds 
  Import took 0.051635 seconds .

========================================================================
Received Import Request.
  Time since last request: 0.000460 seconds.
  path: Assets/Sprites/Numbers/1.png
  artifactKey: Guid(dab4ddd214dfe754ea18bf1b0e7ad24b) Importer(815301076,1909f56bfc062723c751e8b465ee728b)
Start importing Assets/Sprites/Numbers/1.png using Guid(dab4ddd214dfe754ea18bf1b0e7ad24b) Importer(815301076,1909f56bfc062723c751e8b465ee728b)  -> (artifact id: '2f470405631c965bbddc459bec3a8183') in 0.048167 seconds 
  Import took 0.054109 seconds .

========================================================================
Received Import Request.
  Time since last request: 0.000552 seconds.
  path: Assets/Sprites/Numbers/6.png
  artifactKey: Guid(98ff97776116c404eae24c870a8d56c4) Importer(815301076,1909f56bfc062723c751e8b465ee728b)
Start importing Assets/Sprites/Numbers/6.png using Guid(98ff97776116c404eae24c870a8d56c4) Importer(815301076,1909f56bfc062723c751e8b465ee728b)  -> (artifact id: 'ed63ae99fa7d305c6b7cd15642e4f24a') in 0.043661 seconds 
  Import took 0.053045 seconds .

========================================================================
Received Import Request.
  Time since last request: 0.000415 seconds.
  path: Assets/Sprites/Numbers/3.png
  artifactKey: Guid(64c6b2ec00ebdd24fb7eea6c13af1e67) Importer(815301076,1909f56bfc062723c751e8b465ee728b)
Start importing Assets/Sprites/Numbers/3.png using Guid(64c6b2ec00ebdd24fb7eea6c13af1e67) Importer(815301076,1909f56bfc062723c751e8b465ee728b)  -> (artifact id: '93933582854dd51b9915a4c0852f2ada') in 0.048593 seconds 
  Import took 0.055576 seconds .

========================================================================
Received Import Request.
  Time since last request: 0.000432 seconds.
  path: Assets/Sprites/Numbers/7.png
  artifactKey: Guid(f49f8a888e02a2c4585a661084875317) Importer(815301076,1909f56bfc062723c751e8b465ee728b)
Start importing Assets/Sprites/Numbers/7.png using Guid(f49f8a888e02a2c4585a661084875317) Importer(815301076,1909f56bfc062723c751e8b465ee728b)  -> (artifact id: '29aecf6e6b0b16de6a89443813845d25') in 0.052516 seconds 
  Import took 0.061882 seconds .

========================================================================
Received Import Request.
  Time since last request: 0.512585 seconds.
  path: Assets/Sprites/Numbers/8.png
  artifactKey: Guid(439f2ccd1dcf0b94d88f8e112148e853) Importer(815301076,1909f56bfc062723c751e8b465ee728b)
Start importing Assets/Sprites/Numbers/8.png using Guid(439f2ccd1dcf0b94d88f8e112148e853) Importer(815301076,1909f56bfc062723c751e8b465ee728b)  -> (artifact id: '58049e897d2489cde67df5cb88952adf') in 0.051629 seconds 
  Import took 0.059730 seconds .

========================================================================
Received Import Request.
  Time since last request: 0.000512 seconds.
  path: Assets/Sprites/Numbers/9.png
  artifactKey: Guid(1568455bf60136c4c8068f0248970571) Importer(815301076,1909f56bfc062723c751e8b465ee728b)
Start importing Assets/Sprites/Numbers/9.png using Guid(1568455bf60136c4c8068f0248970571) Importer(815301076,1909f56bfc062723c751e8b465ee728b)  -> (artifact id: '4812cab1ac81473f39b38250e68d013a') in 0.045326 seconds 
  Import took 0.052793 seconds .

========================================================================
Received Import Request.
  Time since last request: 0.038439 seconds.
  path: Assets/Sprites/Numbers/10.png
  artifactKey: Guid(4a384cbda3e4e4f4f858567ca4263c30) Importer(815301076,1909f56bfc062723c751e8b465ee728b)
Start importing Assets/Sprites/Numbers/10.png using Guid(4a384cbda3e4e4f4f858567ca4263c30) Importer(815301076,1909f56bfc062723c751e8b465ee728b)  -> (artifact id: 'acb95dd28534e6376a882f2e43632939') in 0.066814 seconds 
  Import took 0.074908 seconds .

========================================================================
Received Import Request.
  Time since last request: 0.137034 seconds.
  path: Assets/Sprites/Game-icons/arrowDown.png
  artifactKey: Guid(a41c50f4a483dcb42a3c5a0cf5b9ce42) Importer(815301076,1909f56bfc062723c751e8b465ee728b)
Start importing Assets/Sprites/Game-icons/arrowDown.png using Guid(a41c50f4a483dcb42a3c5a0cf5b9ce42) Importer(815301076,1909f56bfc062723c751e8b465ee728b)  -> (artifact id: '2f915fbd7e38b00ecbad0b4c2d1031f7') in 0.061907 seconds 
  Import took 0.071093 seconds .

========================================================================
Received Import Request.
  Time since last request: 0.140253 seconds.
  path: Assets/Sprites/Game-icons/arrowLeft.png
  artifactKey: Guid(8ec7a9aafbd70ad42b3c2b6a5ba4913d) Importer(815301076,1909f56bfc062723c751e8b465ee728b)
Start importing Assets/Sprites/Game-icons/arrowLeft.png using Guid(8ec7a9aafbd70ad42b3c2b6a5ba4913d) Importer(815301076,1909f56bfc062723c751e8b465ee728b)  -> (artifact id: '9df1a5b0e163889204a2bba502751796') in 0.061853 seconds 
  Import took 0.069437 seconds .

========================================================================
Received Import Request.
  Time since last request: 0.000881 seconds.
  path: Assets/Sprites/Game-icons/audioOn.png
  artifactKey: Guid(ec6505849d2f0074faaa41ff0d4d27f4) Importer(815301076,1909f56bfc062723c751e8b465ee728b)
Start importing Assets/Sprites/Game-icons/audioOn.png using Guid(ec6505849d2f0074faaa41ff0d4d27f4) Importer(815301076,1909f56bfc062723c751e8b465ee728b)  -> (artifact id: '0598422a7313738d955840ea0c63b937') in 0.060516 seconds 
  Import took 0.069888 seconds .

========================================================================
Received Import Request.
  Time since last request: 0.000463 seconds.
  path: Assets/Sprites/Game-icons/arrowRight.png
  artifactKey: Guid(028c64cb2bc0ac7428213e0ab2886990) Importer(815301076,1909f56bfc062723c751e8b465ee728b)
Start importing Assets/Sprites/Game-icons/arrowRight.png using Guid(028c64cb2bc0ac7428213e0ab2886990) Importer(815301076,1909f56bfc062723c751e8b465ee728b)  -> (artifact id: '15f6ec16d8736b451bcf8529c3ffb3b6') in 0.064943 seconds 
  Import took 0.073019 seconds .

========================================================================
Received Import Request.
  Time since last request: 0.000526 seconds.
  path: Assets/UAP/Examples/Match 3 Game Example/Textures/Background2.png
  artifactKey: Guid(ed3fe62e571b88443a131980c1fbbcfd) Importer(815301076,1909f56bfc062723c751e8b465ee728b)
Start importing Assets/UAP/Examples/Match 3 Game Example/Textures/Background2.png using Guid(ed3fe62e571b88443a131980c1fbbcfd) Importer(815301076,1909f56bfc062723c751e8b465ee728b)  -> (artifact id: '9e40746b4c1b3927ebf32e8577ccf8ba') in 0.046851 seconds 
  Import took 0.053843 seconds .

========================================================================
Received Import Request.
  Time since last request: 0.000516 seconds.
  path: Assets/Sprites/Game-icons/arrowUp.png
  artifactKey: Guid(68e7804886f2faf4ba360a36942a7130) Importer(815301076,1909f56bfc062723c751e8b465ee728b)
Start importing Assets/Sprites/Game-icons/arrowUp.png using Guid(68e7804886f2faf4ba360a36942a7130) Importer(815301076,1909f56bfc062723c751e8b465ee728b)  -> (artifact id: '07a708dfc304f7a36486baa576a1c38e') in 0.056275 seconds 
  Import took 0.065606 seconds .

========================================================================
Received Import Request.
  Time since last request: 0.000462 seconds.
  path: Assets/Sprites/Game-icons/arrowLeft.png
  artifactKey: Guid(8ec7a9aafbd70ad42b3c2b6a5ba4913d) Importer(815301076,1909f56bfc062723c751e8b465ee728b)
Start importing Assets/Sprites/Game-icons/arrowLeft.png using Guid(8ec7a9aafbd70ad42b3c2b6a5ba4913d) Importer(815301076,1909f56bfc062723c751e8b465ee728b)  -> (artifact id: '9df1a5b0e163889204a2bba502751796') in 0.027766 seconds 
  Import took 0.041248 seconds .

========================================================================
Received Import Request.
  Time since last request: 0.000536 seconds.
  path: Assets/Sprites/Game-icons/audioOff.png
  artifactKey: Guid(8cdd190386dafdd40ad70a5b030c596a) Importer(815301076,1909f56bfc062723c751e8b465ee728b)
Start importing Assets/Sprites/Game-icons/audioOff.png using Guid(8cdd190386dafdd40ad70a5b030c596a) Importer(815301076,1909f56bfc062723c751e8b465ee728b)  -> (artifact id: 'a5acb68e86715a9f55f51dfa35674fda') in 0.059758 seconds 
  Import took 0.068313 seconds .

========================================================================
Received Import Request.
  Time since last request: 0.000434 seconds.
  path: Assets/Sprites/Background/backgroundEmpty.png
  artifactKey: Guid(ca05bbdb9454e7747b24360dad0b948c) Importer(815301076,1909f56bfc062723c751e8b465ee728b)
Start importing Assets/Sprites/Background/backgroundEmpty.png using Guid(ca05bbdb9454e7747b24360dad0b948c) Importer(815301076,1909f56bfc062723c751e8b465ee728b)  -> (artifact id: '71e3aa9c4a8970db3456b2ea96db6c3c') in 0.065314 seconds 
  Import took 0.071964 seconds .

========================================================================
Received Import Request.
  Time since last request: 0.000570 seconds.
  path: Assets/Sprites/Game-icons/barsHorizontal.png
  artifactKey: Guid(e36b1ba819deb474da9f086c4e70f0a7) Importer(815301076,1909f56bfc062723c751e8b465ee728b)
Start importing Assets/Sprites/Game-icons/barsHorizontal.png using Guid(e36b1ba819deb474da9f086c4e70f0a7) Importer(815301076,1909f56bfc062723c751e8b465ee728b)  -> (artifact id: '59dc59acf294bb0ca76af710c435305b') in 0.054181 seconds 
  Import took 0.062299 seconds .

========================================================================
Received Import Request.
  Time since last request: 0.000416 seconds.
  path: Assets/Sprites/Game-icons/barsVertical.png
  artifactKey: Guid(52e8b0231307ff54992ef69c6688ca73) Importer(815301076,1909f56bfc062723c751e8b465ee728b)
Start importing Assets/Sprites/Game-icons/barsVertical.png using Guid(52e8b0231307ff54992ef69c6688ca73) Importer(815301076,1909f56bfc062723c751e8b465ee728b)  -> (artifact id: '8391de5575844389bc85cdf087c3e900') in 0.053570 seconds 
  Import took 0.062117 seconds .

========================================================================
Received Import Request.
  Time since last request: 0.000427 seconds.
  path: Assets/Sprites/Background/backgroundForest.png
  artifactKey: Guid(745efdb0b35aa054f89f6b035421aa7a) Importer(815301076,1909f56bfc062723c751e8b465ee728b)
Start importing Assets/Sprites/Background/backgroundForest.png using Guid(745efdb0b35aa054f89f6b035421aa7a) Importer(815301076,1909f56bfc062723c751e8b465ee728b)  -> (artifact id: '6c7fc3867699022c3a397db6b7b05321') in 0.046631 seconds 
  Import took 0.056649 seconds .

========================================================================
Received Import Request.
  Time since last request: 0.000586 seconds.
  path: Assets/UAP/Examples/Match 3 Game Example/Textures/bar.png
  artifactKey: Guid(568df2bb8bfbfd64f97f37b63bd9b4e0) Importer(815301076,1909f56bfc062723c751e8b465ee728b)
Start importing Assets/UAP/Examples/Match 3 Game Example/Textures/bar.png using Guid(568df2bb8bfbfd64f97f37b63bd9b4e0) Importer(815301076,1909f56bfc062723c751e8b465ee728b)  -> (artifact id: '19f970914aa2eb30320a3c2e605b61aa') in 0.048726 seconds 
  Import took 0.058054 seconds .

========================================================================
Received Import Request.
  Time since last request: 0.000371 seconds.
  path: Assets/UAP/Examples/Match 3 Game Example/Textures/blue.png
  artifactKey: Guid(70e49db2cbbf3d4498dec477198f3c9b) Importer(815301076,1909f56bfc062723c751e8b465ee728b)
Start importing Assets/UAP/Examples/Match 3 Game Example/Textures/blue.png using Guid(70e49db2cbbf3d4498dec477198f3c9b) Importer(815301076,1909f56bfc062723c751e8b465ee728b)  -> (artifact id: '69380577350ed063f24aef7f33189323') in 0.048432 seconds 
  Import took 0.055477 seconds .

========================================================================
Received Import Request.
  Time since last request: 0.000580 seconds.
  path: Assets/Sprites/UI/blue_button01.png
  artifactKey: Guid(afb45648bef80c040abb04b9ef405d90) Importer(815301076,1909f56bfc062723c751e8b465ee728b)
Start importing Assets/Sprites/UI/blue_button01.png using Guid(afb45648bef80c040abb04b9ef405d90) Importer(815301076,1909f56bfc062723c751e8b465ee728b)  -> (artifact id: '5a4665ed31388e378f21cdaa3fc5dd45') in 0.059298 seconds 
  Import took 0.067735 seconds .

========================================================================
Received Import Request.
  Time since last request: 0.000947 seconds.
  path: Assets/Sprites/UI/blue_boxCross.png
  artifactKey: Guid(4343422abcc1fed4689d0f9562f505a2) Importer(815301076,1909f56bfc062723c751e8b465ee728b)
Start importing Assets/Sprites/UI/blue_boxCross.png using Guid(4343422abcc1fed4689d0f9562f505a2) Importer(815301076,1909f56bfc062723c751e8b465ee728b)  -> (artifact id: '53c4dabc526e914e3917be88ec564373') in 0.054357 seconds 
  Import took 0.061250 seconds .

========================================================================
Received Import Request.
  Time since last request: 0.000496 seconds.
  path: Assets/Sprites/UI/blue_button00.png
  artifactKey: Guid(0214589aadc3835428f68ec8611ee3ea) Importer(815301076,1909f56bfc062723c751e8b465ee728b)
Start importing Assets/Sprites/UI/blue_button00.png using Guid(0214589aadc3835428f68ec8611ee3ea) Importer(815301076,1909f56bfc062723c751e8b465ee728b)  -> (artifact id: '0bbe2e91d4868e28027dfc2f70cada7e') in 0.053633 seconds 
  Import took 0.060169 seconds .

========================================================================
Received Import Request.
  Time since last request: 0.000438 seconds.
  path: Assets/Sprites/UI/blue_button02.png
  artifactKey: Guid(c56f28d98c53e324dbad257265f36387) Importer(815301076,1909f56bfc062723c751e8b465ee728b)
Start importing Assets/Sprites/UI/blue_button02.png using Guid(c56f28d98c53e324dbad257265f36387) Importer(815301076,1909f56bfc062723c751e8b465ee728b)  -> (artifact id: '255514698fb000dddd602f7cd2c95915') in 0.051844 seconds 
  Import took 0.058451 seconds .

========================================================================
Received Import Request.
  Time since last request: 0.000581 seconds.
  path: Assets/Sprites/UI/blue_button04.png
  artifactKey: Guid(fc0f762697a58774a8e31ce297ad7e66) Importer(815301076,1909f56bfc062723c751e8b465ee728b)
Start importing Assets/Sprites/UI/blue_button04.png using Guid(fc0f762697a58774a8e31ce297ad7e66) Importer(815301076,1909f56bfc062723c751e8b465ee728b)  -> (artifact id: '999f2abb6b1967326aa76f87bd4cc257') in 0.052075 seconds 
  Import took 0.059891 seconds .

========================================================================
Received Import Request.
  Time since last request: 0.000546 seconds.
  path: Assets/Sprites/UI/blue_button07.png
  artifactKey: Guid(193b0ca10c01c1944aa2b9e5eafb71c5) Importer(815301076,1909f56bfc062723c751e8b465ee728b)
Start importing Assets/Sprites/UI/blue_button07.png using Guid(193b0ca10c01c1944aa2b9e5eafb71c5) Importer(815301076,1909f56bfc062723c751e8b465ee728b)  -> (artifact id: 'e12198e280864ec79f3d97e8d4157ba4') in 0.070087 seconds 
  Import took 0.080910 seconds .

========================================================================
Received Import Request.
  Time since last request: 0.000493 seconds.
  path: Assets/Sprites/UI/blue_button05.png
  artifactKey: Guid(2657717c7ec627a4c865dc9c316aa7ae) Importer(815301076,1909f56bfc062723c751e8b465ee728b)
Start importing Assets/Sprites/UI/blue_button05.png using Guid(2657717c7ec627a4c865dc9c316aa7ae) Importer(815301076,1909f56bfc062723c751e8b465ee728b)  -> (artifact id: '2079ca4d249e0930b0b2c76fe0c04b38') in 0.042214 seconds 
  Import took 0.049784 seconds .

========================================================================
Received Import Request.
  Time since last request: 0.000356 seconds.
  path: Assets/Sprites/UI/blue_button03.png
  artifactKey: Guid(57621afd607ee7749a0ad43cda6e49ff) Importer(815301076,1909f56bfc062723c751e8b465ee728b)
Start importing Assets/Sprites/UI/blue_button03.png using Guid(57621afd607ee7749a0ad43cda6e49ff) Importer(815301076,1909f56bfc062723c751e8b465ee728b)  -> (artifact id: 'a1603b4ef2198581de20ebfa8c3e4a63') in 0.054903 seconds 
  Import took 0.062121 seconds .

========================================================================
Received Import Request.
  Time since last request: 0.000427 seconds.
  path: Assets/Sprites/UI/blue_button09.png
  artifactKey: Guid(fdd70a275ee565d478bf9e46fe7e5ad1) Importer(815301076,1909f56bfc062723c751e8b465ee728b)
Start importing Assets/Sprites/UI/blue_button09.png using Guid(fdd70a275ee565d478bf9e46fe7e5ad1) Importer(815301076,1909f56bfc062723c751e8b465ee728b)  -> (artifact id: '9c9815999ac98525f8bfdde92966fc5a') in 0.059846 seconds 
  Import took 0.067947 seconds .

========================================================================
Received Import Request.
  Time since last request: 0.000381 seconds.
  path: Assets/Sprites/UI/blue_button13.png
  artifactKey: Guid(1977a8a7f348baf49af06243d4d75381) Importer(815301076,1909f56bfc062723c751e8b465ee728b)
Start importing Assets/Sprites/UI/blue_button13.png using Guid(1977a8a7f348baf49af06243d4d75381) Importer(815301076,1909f56bfc062723c751e8b465ee728b)  -> (artifact id: '75ea83af86c3634ff80c6ac32cc1e714') in 0.054034 seconds 
  Import took 0.061295 seconds .

========================================================================
Received Import Request.
  Time since last request: 0.000422 seconds.
  path: Assets/Sprites/UI/blue_button12.png
  artifactKey: Guid(c1eacd79f594c634da43049087c2c0eb) Importer(815301076,1909f56bfc062723c751e8b465ee728b)
Start importing Assets/Sprites/UI/blue_button12.png using Guid(c1eacd79f594c634da43049087c2c0eb) Importer(815301076,1909f56bfc062723c751e8b465ee728b)  -> (artifact id: 'db8283e4c2a6550a008ec85b823efcec') in 0.076039 seconds 
  Import took 0.084981 seconds .

========================================================================
Received Import Request.
  Time since last request: 0.000653 seconds.
  path: Assets/Sprites/UI/blue_button10.png
  artifactKey: Guid(17f5665b25d435945ba5bb6915599b60) Importer(815301076,1909f56bfc062723c751e8b465ee728b)
Start importing Assets/Sprites/UI/blue_button10.png using Guid(17f5665b25d435945ba5bb6915599b60) Importer(815301076,1909f56bfc062723c751e8b465ee728b)  -> (artifact id: 'd49a7099cbabccb9d9e0a79699c124f3') in 0.060785 seconds 
  Import took 0.068364 seconds .

========================================================================
Received Import Request.
  Time since last request: 0.000469 seconds.
  path: Assets/Sprites/UI/blue_button08.png
  artifactKey: Guid(e049e0b6248ef5f4480aac2b5ca848d0) Importer(815301076,1909f56bfc062723c751e8b465ee728b)
Start importing Assets/Sprites/UI/blue_button08.png using Guid(e049e0b6248ef5f4480aac2b5ca848d0) Importer(815301076,1909f56bfc062723c751e8b465ee728b)  -> (artifact id: '91bb4812b347e1e8a8e76f20ec157f54') in 0.060352 seconds 
  Import took 0.066333 seconds .

========================================================================
Received Import Request.
  Time since last request: 0.000433 seconds.
  path: Assets/Sprites/UI/blue_checkmark.png
  artifactKey: Guid(c292dfc0dd082a34f8f11642c9ae6c54) Importer(815301076,1909f56bfc062723c751e8b465ee728b)
Start importing Assets/Sprites/UI/blue_checkmark.png using Guid(c292dfc0dd082a34f8f11642c9ae6c54) Importer(815301076,1909f56bfc062723c751e8b465ee728b)  -> (artifact id: '6062c5a52f63e10dba60123ed6053a17') in 0.056497 seconds 
  Import took 0.064580 seconds .

========================================================================
Received Import Request.
  Time since last request: 0.000404 seconds.
  path: Assets/Sprites/UI/blue_cross.png
  artifactKey: Guid(f3e605b441662b14bb49774287af28b9) Importer(815301076,1909f56bfc062723c751e8b465ee728b)
Start importing Assets/Sprites/UI/blue_cross.png using Guid(f3e605b441662b14bb49774287af28b9) Importer(815301076,1909f56bfc062723c751e8b465ee728b)  -> (artifact id: 'b1eddd6857c7ad0fa5efd7198f0b38cb') in 0.059179 seconds 
  Import took 0.066316 seconds .

========================================================================
Received Import Request.
  Time since last request: 0.000457 seconds.
  path: Assets/Sprites/UI/blue_panel.png
  artifactKey: Guid(b4408236526b2e54f8a0c7aaca21957f) Importer(815301076,1909f56bfc062723c751e8b465ee728b)
Start importing Assets/Sprites/UI/blue_panel.png using Guid(b4408236526b2e54f8a0c7aaca21957f) Importer(815301076,1909f56bfc062723c751e8b465ee728b)  -> (artifact id: '0ff17685c7f6d3447399c523211c7321') in 0.062671 seconds 
  Import took 0.073136 seconds .

========================================================================
Received Import Request.
  Time since last request: 0.000571 seconds.
  path: Assets/Sprites/UI/blue_sliderDown.png
  artifactKey: Guid(41d2f80b8ac11fc42a2b9e263ac3c713) Importer(815301076,1909f56bfc062723c751e8b465ee728b)
Start importing Assets/Sprites/UI/blue_sliderDown.png using Guid(41d2f80b8ac11fc42a2b9e263ac3c713) Importer(815301076,1909f56bfc062723c751e8b465ee728b)  -> (artifact id: '4944c3f664912323d345d02df03dec96') in 0.053293 seconds 
  Import took 0.061192 seconds .

========================================================================
Received Import Request.
  Time since last request: 0.000480 seconds.
  path: Assets/Sprites/UI/blue_sliderUp.png
  artifactKey: Guid(64daf3b2ace30124eafec145f5ecb6d9) Importer(815301076,1909f56bfc062723c751e8b465ee728b)
Start importing Assets/Sprites/UI/blue_sliderUp.png using Guid(64daf3b2ace30124eafec145f5ecb6d9) Importer(815301076,1909f56bfc062723c751e8b465ee728b)  -> (artifact id: '24f16bb9428755d77cff609fb4ed1f98') in 0.055357 seconds 
  Import took 0.063290 seconds .

========================================================================
Received Import Request.
  Time since last request: 0.000364 seconds.
  path: Assets/Sprites/Game-icons/button2.png
  artifactKey: Guid(d2e69ec94fa7e314ca9af26ae38d180c) Importer(815301076,1909f56bfc062723c751e8b465ee728b)
Start importing Assets/Sprites/Game-icons/button2.png using Guid(d2e69ec94fa7e314ca9af26ae38d180c) Importer(815301076,1909f56bfc062723c751e8b465ee728b)  -> (artifact id: '3c3812926e15f6a11a23e36689909602') in 0.053551 seconds 
  Import took 0.062280 seconds .

========================================================================
Received Import Request.
  Time since last request: 0.000445 seconds.
  path: Assets/Sprites/UI/blue_circle.png
  artifactKey: Guid(0e9b5ccaf98f5a643aae6ce9ed725a12) Importer(815301076,1909f56bfc062723c751e8b465ee728b)
Start importing Assets/Sprites/UI/blue_circle.png using Guid(0e9b5ccaf98f5a643aae6ce9ed725a12) Importer(815301076,1909f56bfc062723c751e8b465ee728b)  -> (artifact id: '54f77b603f0abc7ae47f0d11d71989e2') in 0.076450 seconds 
  Import took 0.084222 seconds .

========================================================================
Received Import Request.
  Time since last request: 0.000361 seconds.
  path: Assets/Sprites/Numbers/blank.png
  artifactKey: Guid(b4ecc2ddf92a2bc4d9b9dfd94cf9c0d0) Importer(815301076,1909f56bfc062723c751e8b465ee728b)
Start importing Assets/Sprites/Numbers/blank.png using Guid(b4ecc2ddf92a2bc4d9b9dfd94cf9c0d0) Importer(815301076,1909f56bfc062723c751e8b465ee728b)  -> (artifact id: '2751ce9fcad3d846ddcaad26e4ec7a78') in 0.063290 seconds 
  Import took 0.072008 seconds .

========================================================================
Received Import Request.
  Time since last request: 0.000411 seconds.
  path: Assets/Sprites/Game-icons/buttonL1.png
  artifactKey: Guid(89c70beca4e261b4baee9995e9948acc) Importer(815301076,1909f56bfc062723c751e8b465ee728b)
Start importing Assets/Sprites/Game-icons/buttonL1.png using Guid(89c70beca4e261b4baee9995e9948acc) Importer(815301076,1909f56bfc062723c751e8b465ee728b)  -> (artifact id: 'f2d249f9aa68c1a78b53552af58825a9') in 0.052101 seconds 
  Import took 0.059066 seconds .

========================================================================
Received Import Request.
  Time since last request: 0.000485 seconds.
  path: Assets/Sprites/Game-icons/buttonB.png
  artifactKey: Guid(810a31cadf84b9c48915e4120cb7fe34) Importer(815301076,1909f56bfc062723c751e8b465ee728b)
Start importing Assets/Sprites/Game-icons/buttonB.png using Guid(810a31cadf84b9c48915e4120cb7fe34) Importer(815301076,1909f56bfc062723c751e8b465ee728b)  -> (artifact id: '2cf980b007afbd48ed958bf7e7a61808') in 0.051646 seconds 
  Import took 0.059993 seconds .

========================================================================
Received Import Request.
  Time since last request: 0.000536 seconds.
  path: Assets/Sprites/Game-icons/buttonL.png
  artifactKey: Guid(d06bca8b6b4a2f146bf3e59b202ccc7d) Importer(815301076,1909f56bfc062723c751e8b465ee728b)
Start importing Assets/Sprites/Game-icons/buttonL.png using Guid(d06bca8b6b4a2f146bf3e59b202ccc7d) Importer(815301076,1909f56bfc062723c751e8b465ee728b)  -> (artifact id: '6a13742e0ebbbcf7e23aebee5c399397') in 0.060665 seconds 
  Import took 0.070465 seconds .

========================================================================
Received Import Request.
  Time since last request: 0.000460 seconds.
  path: Assets/Sprites/UI/blue_boxTick.png
  artifactKey: Guid(79a3c4a7534538948b03d1774c77c74f) Importer(815301076,1909f56bfc062723c751e8b465ee728b)
Start importing Assets/Sprites/UI/blue_boxTick.png using Guid(79a3c4a7534538948b03d1774c77c74f) Importer(815301076,1909f56bfc062723c751e8b465ee728b)  -> (artifact id: 'a2292406812e3d5cc53078fcee11696b') in 0.057603 seconds 
  Import took 0.066809 seconds .

========================================================================
Received Import Request.
  Time since last request: 0.000504 seconds.
  path: Assets/Sprites/UI/blue_button11.png
  artifactKey: Guid(4f1adb75a059b344f9c6ddccd70b5a06) Importer(815301076,1909f56bfc062723c751e8b465ee728b)
Start importing Assets/Sprites/UI/blue_button11.png using Guid(4f1adb75a059b344f9c6ddccd70b5a06) Importer(815301076,1909f56bfc062723c751e8b465ee728b)  -> (artifact id: '130d2c86424fc29cc42888b2c52b76ef') in 0.067339 seconds 
  Import took 0.073480 seconds .

========================================================================
Received Import Request.
  Time since last request: 0.000595 seconds.
  path: Assets/Sprites/UI/blue_boxCheckmark.png
  artifactKey: Guid(d3fa4dea7822aa943a131460f3de83b2) Importer(815301076,1909f56bfc062723c751e8b465ee728b)
Start importing Assets/Sprites/UI/blue_boxCheckmark.png using Guid(d3fa4dea7822aa943a131460f3de83b2) Importer(815301076,1909f56bfc062723c751e8b465ee728b)  -> (artifact id: '61a1dc13dacca9bb38da1f43565a450b') in 0.055411 seconds 
  Import took 0.064328 seconds .

========================================================================
Received Import Request.
  Time since last request: 0.000581 seconds.
  path: Assets/Sprites/UI/blue_tick.png
  artifactKey: Guid(a18586527c87f4249a80830d138b31b2) Importer(815301076,1909f56bfc062723c751e8b465ee728b)
Start importing Assets/Sprites/UI/blue_tick.png using Guid(a18586527c87f4249a80830d138b31b2) Importer(815301076,1909f56bfc062723c751e8b465ee728b)  -> (artifact id: 'b2055358ce60647722a6cafab8ef11fa') in 0.056251 seconds 
  Import took 0.062993 seconds .

========================================================================
Received Import Request.
  Time since last request: 0.000382 seconds.
  path: Assets/Sprites/UI/blue_sliderRight.png
  artifactKey: Guid(8294115f50b7e074f9d096252afdffc3) Importer(815301076,1909f56bfc062723c751e8b465ee728b)
Start importing Assets/Sprites/UI/blue_sliderRight.png using Guid(8294115f50b7e074f9d096252afdffc3) Importer(815301076,1909f56bfc062723c751e8b465ee728b)  -> (artifact id: 'dc2234e5ae5edd0910d9362aa211519b') in 0.053941 seconds 
  Import took 0.061157 seconds .

========================================================================
Received Import Request.
  Time since last request: 0.000368 seconds.
  path: Assets/Sprites/Game-icons/button3.png
  artifactKey: Guid(81c8d64f8489cfc4f970fd5ba0b0ba2a) Importer(815301076,1909f56bfc062723c751e8b465ee728b)
Start importing Assets/Sprites/Game-icons/button3.png using Guid(81c8d64f8489cfc4f970fd5ba0b0ba2a) Importer(815301076,1909f56bfc062723c751e8b465ee728b)  -> (artifact id: '1fb9393c691444bd670dffbe5b3e5a0c') in 0.062403 seconds 
  Import took 0.068237 seconds .

========================================================================
Received Import Request.
  Time since last request: 0.000424 seconds.
  path: Assets/Sprites/Game-icons/buttonA.png
  artifactKey: Guid(667348ef603faea4b8df76eee01e270a) Importer(815301076,1909f56bfc062723c751e8b465ee728b)
Start importing Assets/Sprites/Game-icons/buttonA.png using Guid(667348ef603faea4b8df76eee01e270a) Importer(815301076,1909f56bfc062723c751e8b465ee728b)  -> (artifact id: '1c26a09c00369056fd075e9b9542f4d2') in 0.074990 seconds 
  Import took 0.082963 seconds .

========================================================================
Received Import Request.
  Time since last request: 0.000518 seconds.
  path: Assets/Sprites/Game-icons/button1.png
  artifactKey: Guid(68644c3a113760f419f03a5edb7e0092) Importer(815301076,1909f56bfc062723c751e8b465ee728b)
Start importing Assets/Sprites/Game-icons/button1.png using Guid(68644c3a113760f419f03a5edb7e0092) Importer(815301076,1909f56bfc062723c751e8b465ee728b)  -> (artifact id: 'e29e565a9d23e4d4cb35560a90392e83') in 0.083645 seconds 
  Import took 0.096039 seconds .

========================================================================
Received Import Request.
  Time since last request: 0.001009 seconds.
  path: Assets/Sprites/UI/blue_button06.png
  artifactKey: Guid(87685db3aae5e9c4d97da695585ede6e) Importer(815301076,1909f56bfc062723c751e8b465ee728b)
Start importing Assets/Sprites/UI/blue_button06.png using Guid(87685db3aae5e9c4d97da695585ede6e) Importer(815301076,1909f56bfc062723c751e8b465ee728b)  -> (artifact id: 'd6e739047605a50e236392e4aa2e94b5') in 0.083189 seconds 
  Import took 0.100336 seconds .

========================================================================
Received Import Request.
  Time since last request: 0.001910 seconds.
  path: Assets/Sprites/Background/backgroundCastles.png
  artifactKey: Guid(23ecf7e19f5b57d4dbfc97d9e13b179b) Importer(815301076,1909f56bfc062723c751e8b465ee728b)
Start importing Assets/Sprites/Background/backgroundCastles.png using Guid(23ecf7e19f5b57d4dbfc97d9e13b179b) Importer(815301076,1909f56bfc062723c751e8b465ee728b)  -> (artifact id: 'a5ef5621e5d2aba5d523e61aa8024f77') in 0.079849 seconds 
  Import took 0.093480 seconds .

========================================================================
Received Import Request.
  Time since last request: 0.000438 seconds.
  path: Assets/Sprites/Game-icons/buttonL2.png
  artifactKey: Guid(17d687590fb57ca458d43aba6eb5b826) Importer(815301076,1909f56bfc062723c751e8b465ee728b)
Start importing Assets/Sprites/Game-icons/buttonL2.png using Guid(17d687590fb57ca458d43aba6eb5b826) Importer(815301076,1909f56bfc062723c751e8b465ee728b)  -> (artifact id: '6d97d944dc2440c824c5ee78505d121d') in 0.066424 seconds 
  Import took 0.075777 seconds .

========================================================================
Received Import Request.
  Time since last request: 0.000563 seconds.
  path: Assets/Sprites/Game-icons/buttonR.png
  artifactKey: Guid(771a72729b178734490ada7ed09155bd) Importer(815301076,1909f56bfc062723c751e8b465ee728b)
Start importing Assets/Sprites/Game-icons/buttonR.png using Guid(771a72729b178734490ada7ed09155bd) Importer(815301076,1909f56bfc062723c751e8b465ee728b)  -> (artifact id: '613ba004af0050230aa0494a6792d761') in 0.055058 seconds 
  Import took 0.063410 seconds .

========================================================================
Received Import Request.
  Time since last request: 0.000421 seconds.
  path: Assets/Sprites/UI/blue_sliderLeft.png
  artifactKey: Guid(4c3ce11ba4e028b42a137b23b10b5e9f) Importer(815301076,1909f56bfc062723c751e8b465ee728b)
Start importing Assets/Sprites/UI/blue_sliderLeft.png using Guid(4c3ce11ba4e028b42a137b23b10b5e9f) Importer(815301076,1909f56bfc062723c751e8b465ee728b)  -> (artifact id: 'e298a7432adcfa95399e52920cf258aa') in 0.054534 seconds 
  Import took 0.063098 seconds .

========================================================================
Received Import Request.
  Time since last request: 117.876768 seconds.
  path: Assets/Game/Sprites/headset 2.png
  artifactKey: Guid(eebbc4be4f0c6a0458c76dc0c6395465) Importer(815301076,1909f56bfc062723c751e8b465ee728b)
Start importing Assets/Game/Sprites/headset 2.png using Guid(eebbc4be4f0c6a0458c76dc0c6395465) Importer(815301076,1909f56bfc062723c751e8b465ee728b)  -> (artifact id: '9006dd30baa082bc6ad497e075ad896f') in 0.053081 seconds 
  Import took 0.063122 seconds .

========================================================================
Received Import Request.
  Time since last request: 351.711848 seconds.
  path: Assets/Scenes/Login.unity
  artifactKey: Guid(d4394b7d90bd6cb4193dc33ae54d1832) Importer(815301076,1909f56bfc062723c751e8b465ee728b)
Start importing Assets/Scenes/Login.unity using Guid(d4394b7d90bd6cb4193dc33ae54d1832) Importer(815301076,1909f56bfc062723c751e8b465ee728b)  -> (artifact id: 'f6f72d36cf257a5ab4ce91e5c54c449b') in 0.030748 seconds 
  Import took 0.038196 seconds .

========================================================================
Received Import Request.
  Time since last request: 231.187617 seconds.
  path: Assets/Scenes/Initial.unity
  artifactKey: Guid(4a96aef87c7d55148a95cd9118153eca) Importer(815301076,1909f56bfc062723c751e8b465ee728b)
Start importing Assets/Scenes/Initial.unity using Guid(4a96aef87c7d55148a95cd9118153eca) Importer(815301076,1909f56bfc062723c751e8b465ee728b)  -> (artifact id: '1b645ce7d9cb47e449a9912999ab202a') in 0.020824 seconds 
  Import took 0.029670 seconds .

========================================================================
Received Prepare
Registering precompiled user dll's ...
Registered in 0.034967 seconds.
Begin MonoManager ReloadAssembly
Native extension for WindowsStandalone target not found
Refreshing native plugins compatible for Editor in 0.91 ms, found 5 plugins.
Preloading 0 native plugins for Editor in 0.00 ms.
Mono: successfully reloaded assembly
- Completed reload, in  1.816 seconds
Domain Reload Profiling:
	ReloadAssembly (1817ms)
		BeginReloadAssembly (190ms)
			ExecutionOrderSort (0ms)
			DisableScriptedObjects (8ms)
			BackupInstance (0ms)
			ReleaseScriptingObjects (0ms)
			CreateAndSetChildDomain (64ms)
		EndReloadAssembly (1527ms)
			LoadAssemblies (165ms)
			RebuildTransferFunctionScriptingTraits (0ms)
			SetupTypeCache (550ms)
			ReleaseScriptCaches (1ms)
			RebuildScriptCaches (61ms)
			SetupLoadedEditorAssemblies (590ms)
				LogAssemblyErrors (0ms)
				InitializePlatformSupportModulesInManaged (7ms)
				SetLoadedEditorAssemblies (1ms)
				RefreshPlugins (1ms)
				BeforeProcessingInitializeOnLoad (79ms)
				ProcessInitializeOnLoadAttributes (481ms)
				ProcessInitializeOnLoadMethodAttributes (9ms)
				AfterProcessingInitializeOnLoad (12ms)
				EditorAssembliesLoaded (0ms)
			ExecutionOrderSort2 (0ms)
			AwakeInstancesAfterBackupRestoration (11ms)
Platform modules already initialized, skipping
Refreshing native plugins compatible for Editor in 0.71 ms, found 5 plugins.
Preloading 0 native plugins for Editor in 0.00 ms.
Unloading 1500 Unused Serialized files (Serialized files now loaded: 0)
System memory in use before: 74.8 MB.
System memory in use after: 74.2 MB.

Unloading 53 unused Assets to reduce memory usage. Loaded Objects now: 2083.
Total: 4.660600 ms (FindLiveObjects: 0.357100 ms CreateObjectMapping: 0.087900 ms MarkObjects: 3.772600 ms  DeleteObjects: 0.440300 ms)

AssetImportParameters requested are different than current active one (requested -> active):
  custom:framework-win-MediaFoundation: 216162199b28c13a410421893ffa2e32 -> 
  custom:video-decoder-ogg-theora: a1e56fd34408186e4bbccfd4996cb3dc -> 
  custom:container-muxer-webm: aa71ff27fc2769a1b78a27578f13a17b -> 
  custom:container-demuxer-webm: 4f35f7cbe854078d1ac9338744f61a02 -> 
  custom:container-demuxer-ogg: 62fdf1f143b41e24485cea50d1cbac27 -> 
  custom:video-encoder-webm-vp8: eb34c28f22e8b96e1ab97ce403110664 -> 
  custom:video-decoder-webm-vp8: 9c59270c3fd7afecdb556c50c9e8de78 -> 
  custom:audio-decoder-ogg-vorbis: bf7c407c2cedff20999df2af8eb42d56 -> 
  custom:audio-encoder-webm-vorbis: bf7c407c2cedff20999df2af8eb42d56 -> 
========================================================================
Received Prepare
Registering precompiled user dll's ...
Registered in 0.023152 seconds.
Begin MonoManager ReloadAssembly
Native extension for WindowsStandalone target not found
Refreshing native plugins compatible for Editor in 0.96 ms, found 5 plugins.
Preloading 0 native plugins for Editor in 0.00 ms.
Mono: successfully reloaded assembly
- Completed reload, in  1.740 seconds
Domain Reload Profiling:
	ReloadAssembly (1740ms)
		BeginReloadAssembly (179ms)
			ExecutionOrderSort (0ms)
			DisableScriptedObjects (6ms)
			BackupInstance (0ms)
			ReleaseScriptingObjects (0ms)
			CreateAndSetChildDomain (58ms)
		EndReloadAssembly (1458ms)
			LoadAssemblies (165ms)
			RebuildTransferFunctionScriptingTraits (0ms)
			SetupTypeCache (503ms)
			ReleaseScriptCaches (1ms)
			RebuildScriptCaches (68ms)
			SetupLoadedEditorAssemblies (563ms)
				LogAssemblyErrors (0ms)
				InitializePlatformSupportModulesInManaged (8ms)
				SetLoadedEditorAssemblies (1ms)
				RefreshPlugins (1ms)
				BeforeProcessingInitializeOnLoad (74ms)
				ProcessInitializeOnLoadAttributes (463ms)
				ProcessInitializeOnLoadMethodAttributes (6ms)
				AfterProcessingInitializeOnLoad (9ms)
				EditorAssembliesLoaded (0ms)
			ExecutionOrderSort2 (0ms)
			AwakeInstancesAfterBackupRestoration (10ms)
Platform modules already initialized, skipping
Refreshing native plugins compatible for Editor in 0.71 ms, found 5 plugins.
Preloading 0 native plugins for Editor in 0.00 ms.
Unloading 1500 Unused Serialized files (Serialized files now loaded: 0)
System memory in use before: 74.8 MB.
System memory in use after: 74.2 MB.

Unloading 53 unused Assets to reduce memory usage. Loaded Objects now: 2085.
Total: 4.724100 ms (FindLiveObjects: 0.251300 ms CreateObjectMapping: 0.183000 ms MarkObjects: 3.819900 ms  DeleteObjects: 0.467400 ms)

AssetImportParameters requested are different than current active one (requested -> active):
  custom:framework-win-MediaFoundation: 216162199b28c13a410421893ffa2e32 -> 
  custom:video-decoder-ogg-theora: a1e56fd34408186e4bbccfd4996cb3dc -> 
  custom:container-muxer-webm: aa71ff27fc2769a1b78a27578f13a17b -> 
  custom:container-demuxer-webm: 4f35f7cbe854078d1ac9338744f61a02 -> 
  custom:container-demuxer-ogg: 62fdf1f143b41e24485cea50d1cbac27 -> 
  custom:video-encoder-webm-vp8: eb34c28f22e8b96e1ab97ce403110664 -> 
  custom:video-decoder-webm-vp8: 9c59270c3fd7afecdb556c50c9e8de78 -> 
  custom:audio-decoder-ogg-vorbis: bf7c407c2cedff20999df2af8eb42d56 -> 
  custom:audio-encoder-webm-vorbis: bf7c407c2cedff20999df2af8eb42d56 -> 
========================================================================
Received Prepare
Registering precompiled user dll's ...
Registered in 0.029091 seconds.
Begin MonoManager ReloadAssembly
Native extension for WindowsStandalone target not found
Refreshing native plugins compatible for Editor in 0.84 ms, found 5 plugins.
Preloading 0 native plugins for Editor in 0.00 ms.
Mono: successfully reloaded assembly
- Completed reload, in  2.158 seconds
Domain Reload Profiling:
	ReloadAssembly (2159ms)
		BeginReloadAssembly (218ms)
			ExecutionOrderSort (0ms)
			DisableScriptedObjects (11ms)
			BackupInstance (0ms)
			ReleaseScriptingObjects (0ms)
			CreateAndSetChildDomain (62ms)
		EndReloadAssembly (1789ms)
			LoadAssemblies (208ms)
			RebuildTransferFunctionScriptingTraits (0ms)
			SetupTypeCache (608ms)
			ReleaseScriptCaches (1ms)
			RebuildScriptCaches (75ms)
			SetupLoadedEditorAssemblies (700ms)
				LogAssemblyErrors (0ms)
				InitializePlatformSupportModulesInManaged (9ms)
				SetLoadedEditorAssemblies (1ms)
				RefreshPlugins (1ms)
				BeforeProcessingInitializeOnLoad (90ms)
				ProcessInitializeOnLoadAttributes (573ms)
				ProcessInitializeOnLoadMethodAttributes (11ms)
				AfterProcessingInitializeOnLoad (15ms)
				EditorAssembliesLoaded (1ms)
			ExecutionOrderSort2 (0ms)
			AwakeInstancesAfterBackupRestoration (15ms)
Platform modules already initialized, skipping
Refreshing native plugins compatible for Editor in 1.18 ms, found 5 plugins.
Preloading 0 native plugins for Editor in 0.00 ms.
Unloading 1500 Unused Serialized files (Serialized files now loaded: 0)
System memory in use before: 74.8 MB.
System memory in use after: 74.3 MB.

Unloading 53 unused Assets to reduce memory usage. Loaded Objects now: 2087.
Total: 6.348300 ms (FindLiveObjects: 0.282200 ms CreateObjectMapping: 0.153200 ms MarkObjects: 5.113800 ms  DeleteObjects: 0.796800 ms)

AssetImportParameters requested are different than current active one (requested -> active):
  custom:framework-win-MediaFoundation: 216162199b28c13a410421893ffa2e32 -> 
  custom:video-decoder-ogg-theora: a1e56fd34408186e4bbccfd4996cb3dc -> 
  custom:container-muxer-webm: aa71ff27fc2769a1b78a27578f13a17b -> 
  custom:container-demuxer-webm: 4f35f7cbe854078d1ac9338744f61a02 -> 
  custom:container-demuxer-ogg: 62fdf1f143b41e24485cea50d1cbac27 -> 
  custom:video-encoder-webm-vp8: eb34c28f22e8b96e1ab97ce403110664 -> 
  custom:video-decoder-webm-vp8: 9c59270c3fd7afecdb556c50c9e8de78 -> 
  custom:audio-decoder-ogg-vorbis: bf7c407c2cedff20999df2af8eb42d56 -> 
  custom:audio-encoder-webm-vorbis: bf7c407c2cedff20999df2af8eb42d56 -> 
========================================================================
Received Prepare
Registering precompiled user dll's ...
Registered in 0.012635 seconds.
Begin MonoManager ReloadAssembly
Native extension for WindowsStandalone target not found
Refreshing native plugins compatible for Editor in 0.73 ms, found 5 plugins.
Preloading 0 native plugins for Editor in 0.00 ms.
Mono: successfully reloaded assembly
- Completed reload, in  1.327 seconds
Domain Reload Profiling:
	ReloadAssembly (1328ms)
		BeginReloadAssembly (144ms)
			ExecutionOrderSort (0ms)
			DisableScriptedObjects (7ms)
			BackupInstance (0ms)
			ReleaseScriptingObjects (0ms)
			CreateAndSetChildDomain (50ms)
		EndReloadAssembly (1102ms)
			LoadAssemblies (111ms)
			RebuildTransferFunctionScriptingTraits (0ms)
			SetupTypeCache (383ms)
			ReleaseScriptCaches (1ms)
			RebuildScriptCaches (44ms)
			SetupLoadedEditorAssemblies (428ms)
				LogAssemblyErrors (0ms)
				InitializePlatformSupportModulesInManaged (5ms)
				SetLoadedEditorAssemblies (1ms)
				RefreshPlugins (1ms)
				BeforeProcessingInitializeOnLoad (66ms)
				ProcessInitializeOnLoadAttributes (343ms)
				ProcessInitializeOnLoadMethodAttributes (5ms)
				AfterProcessingInitializeOnLoad (7ms)
				EditorAssembliesLoaded (0ms)
			ExecutionOrderSort2 (0ms)
			AwakeInstancesAfterBackupRestoration (8ms)
Platform modules already initialized, skipping
Refreshing native plugins compatible for Editor in 0.60 ms, found 5 plugins.
Preloading 0 native plugins for Editor in 0.00 ms.
Unloading 1500 Unused Serialized files (Serialized files now loaded: 0)
System memory in use before: 74.8 MB.
System memory in use after: 74.3 MB.

Unloading 53 unused Assets to reduce memory usage. Loaded Objects now: 2089.
Total: 4.102700 ms (FindLiveObjects: 0.209800 ms CreateObjectMapping: 0.061400 ms MarkObjects: 3.395600 ms  DeleteObjects: 0.433500 ms)

AssetImportParameters requested are different than current active one (requested -> active):
  custom:framework-win-MediaFoundation: 216162199b28c13a410421893ffa2e32 -> 
  custom:video-decoder-ogg-theora: a1e56fd34408186e4bbccfd4996cb3dc -> 
  custom:container-muxer-webm: aa71ff27fc2769a1b78a27578f13a17b -> 
  custom:container-demuxer-webm: 4f35f7cbe854078d1ac9338744f61a02 -> 
  custom:container-demuxer-ogg: 62fdf1f143b41e24485cea50d1cbac27 -> 
  custom:video-encoder-webm-vp8: eb34c28f22e8b96e1ab97ce403110664 -> 
  custom:video-decoder-webm-vp8: 9c59270c3fd7afecdb556c50c9e8de78 -> 
  custom:audio-decoder-ogg-vorbis: bf7c407c2cedff20999df2af8eb42d56 -> 
  custom:audio-encoder-webm-vorbis: bf7c407c2cedff20999df2af8eb42d56 -> 
========================================================================
Received Import Request.
  Time since last request: 767.374184 seconds.
  path: Assets/Script/accesibilty.cs
  artifactKey: Guid(cc2ec9438c8c814438bb2713510c4c6d) Importer(815301076,1909f56bfc062723c751e8b465ee728b)
Start importing Assets/Script/accesibilty.cs using Guid(cc2ec9438c8c814438bb2713510c4c6d) Importer(815301076,1909f56bfc062723c751e8b465ee728b)  -> (artifact id: '706ef6c7717a2f710c71a6f9476d60a1') in 0.032264 seconds 
  Import took 0.038267 seconds .

========================================================================
Received Import Request.
  Time since last request: 171.600018 seconds.
  path: Assets/Scenes/Login.unity
  artifactKey: Guid(d4394b7d90bd6cb4193dc33ae54d1832) Importer(815301076,1909f56bfc062723c751e8b465ee728b)
Start importing Assets/Scenes/Login.unity using Guid(d4394b7d90bd6cb4193dc33ae54d1832) Importer(815301076,1909f56bfc062723c751e8b465ee728b)  -> (artifact id: 'c4c83f1f2cefe15c35399b410f0e0a90') in 0.016189 seconds 
  Import took 0.021243 seconds .

========================================================================
Received Prepare
Registering precompiled user dll's ...
Registered in 0.029203 seconds.
Begin MonoManager ReloadAssembly
Native extension for WindowsStandalone target not found
Refreshing native plugins compatible for Editor in 0.71 ms, found 5 plugins.
Preloading 0 native plugins for Editor in 0.00 ms.
Mono: successfully reloaded assembly
- Completed reload, in  1.465 seconds
Domain Reload Profiling:
	ReloadAssembly (1466ms)
		BeginReloadAssembly (137ms)
			ExecutionOrderSort (0ms)
			DisableScriptedObjects (6ms)
			BackupInstance (0ms)
			ReleaseScriptingObjects (0ms)
			CreateAndSetChildDomain (46ms)
		EndReloadAssembly (1246ms)
			LoadAssemblies (127ms)
			RebuildTransferFunctionScriptingTraits (0ms)
			SetupTypeCache (432ms)
			ReleaseScriptCaches (1ms)
			RebuildScriptCaches (57ms)
			SetupLoadedEditorAssemblies (497ms)
				LogAssemblyErrors (0ms)
				InitializePlatformSupportModulesInManaged (6ms)
				SetLoadedEditorAssemblies (1ms)
				RefreshPlugins (1ms)
				BeforeProcessingInitializeOnLoad (69ms)
				ProcessInitializeOnLoadAttributes (407ms)
				ProcessInitializeOnLoadMethodAttributes (5ms)
				AfterProcessingInitializeOnLoad (8ms)
				EditorAssembliesLoaded (0ms)
			ExecutionOrderSort2 (0ms)
			AwakeInstancesAfterBackupRestoration (9ms)
Platform modules already initialized, skipping
Refreshing native plugins compatible for Editor in 0.66 ms, found 5 plugins.
Preloading 0 native plugins for Editor in 0.00 ms.
Unloading 1500 Unused Serialized files (Serialized files now loaded: 0)
System memory in use before: 74.9 MB.
System memory in use after: 74.3 MB.

Unloading 53 unused Assets to reduce memory usage. Loaded Objects now: 2091.
Total: 3.845000 ms (FindLiveObjects: 0.272300 ms CreateObjectMapping: 0.063100 ms MarkObjects: 3.117200 ms  DeleteObjects: 0.390400 ms)

AssetImportParameters requested are different than current active one (requested -> active):
  custom:framework-win-MediaFoundation: 216162199b28c13a410421893ffa2e32 -> 
  custom:video-decoder-ogg-theora: a1e56fd34408186e4bbccfd4996cb3dc -> 
  custom:container-muxer-webm: aa71ff27fc2769a1b78a27578f13a17b -> 
  custom:container-demuxer-webm: 4f35f7cbe854078d1ac9338744f61a02 -> 
  custom:container-demuxer-ogg: 62fdf1f143b41e24485cea50d1cbac27 -> 
  custom:video-encoder-webm-vp8: eb34c28f22e8b96e1ab97ce403110664 -> 
  custom:video-decoder-webm-vp8: 9c59270c3fd7afecdb556c50c9e8de78 -> 
  custom:audio-decoder-ogg-vorbis: bf7c407c2cedff20999df2af8eb42d56 -> 
  custom:audio-encoder-webm-vorbis: bf7c407c2cedff20999df2af8eb42d56 -> 
========================================================================
Received Prepare
Registering precompiled user dll's ...
Registered in 0.015787 seconds.
Begin MonoManager ReloadAssembly
Native extension for WindowsStandalone target not found
Refreshing native plugins compatible for Editor in 0.84 ms, found 5 plugins.
Preloading 0 native plugins for Editor in 0.00 ms.
Mono: successfully reloaded assembly
- Completed reload, in  1.893 seconds
Domain Reload Profiling:
	ReloadAssembly (1894ms)
		BeginReloadAssembly (197ms)
			ExecutionOrderSort (0ms)
			DisableScriptedObjects (7ms)
			BackupInstance (0ms)
			ReleaseScriptingObjects (0ms)
			CreateAndSetChildDomain (65ms)
		EndReloadAssembly (1587ms)
			LoadAssemblies (177ms)
			RebuildTransferFunctionScriptingTraits (0ms)
			SetupTypeCache (574ms)
			ReleaseScriptCaches (1ms)
			RebuildScriptCaches (70ms)
			SetupLoadedEditorAssemblies (567ms)
				LogAssemblyErrors (0ms)
				InitializePlatformSupportModulesInManaged (8ms)
				SetLoadedEditorAssemblies (1ms)
				RefreshPlugins (1ms)
				BeforeProcessingInitializeOnLoad (86ms)
				ProcessInitializeOnLoadAttributes (453ms)
				ProcessInitializeOnLoadMethodAttributes (6ms)
				AfterProcessingInitializeOnLoad (11ms)
				EditorAssembliesLoaded (0ms)
			ExecutionOrderSort2 (0ms)
			AwakeInstancesAfterBackupRestoration (11ms)
Platform modules already initialized, skipping
Refreshing native plugins compatible for Editor in 1.30 ms, found 5 plugins.
Preloading 0 native plugins for Editor in 0.00 ms.
Unloading 1500 Unused Serialized files (Serialized files now loaded: 0)
System memory in use before: 74.8 MB.
System memory in use after: 74.3 MB.

Unloading 53 unused Assets to reduce memory usage. Loaded Objects now: 2093.
Total: 4.982600 ms (FindLiveObjects: 0.369400 ms CreateObjectMapping: 0.145700 ms MarkObjects: 3.917500 ms  DeleteObjects: 0.547400 ms)

AssetImportParameters requested are different than current active one (requested -> active):
  custom:framework-win-MediaFoundation: 216162199b28c13a410421893ffa2e32 -> 
  custom:video-decoder-ogg-theora: a1e56fd34408186e4bbccfd4996cb3dc -> 
  custom:container-muxer-webm: aa71ff27fc2769a1b78a27578f13a17b -> 
  custom:container-demuxer-webm: 4f35f7cbe854078d1ac9338744f61a02 -> 
  custom:container-demuxer-ogg: 62fdf1f143b41e24485cea50d1cbac27 -> 
  custom:video-encoder-webm-vp8: eb34c28f22e8b96e1ab97ce403110664 -> 
  custom:video-decoder-webm-vp8: 9c59270c3fd7afecdb556c50c9e8de78 -> 
  custom:audio-decoder-ogg-vorbis: bf7c407c2cedff20999df2af8eb42d56 -> 
  custom:audio-encoder-webm-vorbis: bf7c407c2cedff20999df2af8eb42d56 -> 
========================================================================
Received Import Request.
  Time since last request: 472.805583 seconds.
  path: Assets/Scenes/Login.unity
  artifactKey: Guid(d4394b7d90bd6cb4193dc33ae54d1832) Importer(815301076,1909f56bfc062723c751e8b465ee728b)
Start importing Assets/Scenes/Login.unity using Guid(d4394b7d90bd6cb4193dc33ae54d1832) Importer(815301076,1909f56bfc062723c751e8b465ee728b)  -> (artifact id: '8c699a496d54c4098aade1e160d9d0c6') in 0.019354 seconds 
  Import took 0.025842 seconds .

AssetImportWorkerClient::OnTransportError - code=2 error=End of file
