Using pre-set license
Built from '2020.3/staging' branch; Version is '2020.3.16f1 (049d6eca3c44) revision 302446'; Using compiler version '192528614'; Build Type 'Release'
OS: 'Windows 10 Home Single Language; OS build 19043.1202; Version 2009; 64bit' Language: 'es' Physical Memory: 8026 MB
BatchMode: 1, IsHumanControllingUs: 0, StartBugReporterOnCrash: 0, Is64bit: 1, IsPro: 0

 COMMAND LINE ARGUMENTS:
C:\Program Files\Unity\Hub\Editor\2020.3.16f1\Editor\Unity.exe
-adb2
-batchMode
-noUpm
-name
AssetImportWorker0
-projectPath
C:/Users/camil/OneDrive - Universidad del Norte/Escritorio/VIP/Drag-and-drop-numbers2
-logFile
Logs/AssetImportWorker0.log
-srvPort
57420
Successfully changed project path to: C:/Users/camil/OneDrive - Universidad del Norte/Escritorio/VIP/Drag-and-drop-numbers2
C:/Users/camil/OneDrive - Universidad del Norte/Escritorio/VIP/Drag-and-drop-numbers2
Using Asset Import Pipeline V2.
Refreshing native plugins compatible for Editor in 132.51 ms, found 3 plugins.
Preloading 0 native plugins for Editor in 0.00 ms.
Initialize engine version: 2020.3.16f1 (049d6eca3c44)
[Subsystems] Discovering subsystems at path C:/Program Files/Unity/Hub/Editor/2020.3.16f1/Editor/Data/Resources/UnitySubsystems
[Subsystems] Discovering subsystems at path C:/Users/camil/OneDrive - Universidad del Norte/Escritorio/VIP/Drag-and-drop-numbers2/Assets
GfxDevice: creating device client; threaded=0
Direct3D:
    Version:  Direct3D 11.0 [level 11.1]
    Renderer: Intel(R) UHD Graphics 620 (ID=0x5917)
    Vendor:   
    VRAM:     4013 MB
    Driver:   26.20.100.7926
Initialize mono
Mono path[0] = 'C:/Program Files/Unity/Hub/Editor/2020.3.16f1/Editor/Data/Managed'
Mono path[1] = 'C:/Program Files/Unity/Hub/Editor/2020.3.16f1/Editor/Data/MonoBleedingEdge/lib/mono/unityjit'
Mono config path = 'C:/Program Files/Unity/Hub/Editor/2020.3.16f1/Editor/Data/MonoBleedingEdge/etc'
Using monoOptions --debugger-agent=transport=dt_socket,embedding=1,server=y,suspend=n,address=127.0.0.1:56012
Begin MonoManager ReloadAssembly
Registering precompiled unity dll's ...
Register platform support module: C:/Program Files/Unity/Hub/Editor/2020.3.16f1/Editor/Data/PlaybackEngines/WindowsStandaloneSupport/UnityEditor.WindowsStandalone.Extensions.dll
Registered in 0.004719 seconds.
Native extension for WindowsStandalone target not found
Refreshing native plugins compatible for Editor in 82.25 ms, found 3 plugins.
Preloading 0 native plugins for Editor in 0.00 ms.
Mono: successfully reloaded assembly
- Completed reload, in  6.665 seconds
Domain Reload Profiling:
	ReloadAssembly (6666ms)
		BeginReloadAssembly (147ms)
			ExecutionOrderSort (0ms)
			DisableScriptedObjects (0ms)
			BackupInstance (0ms)
			ReleaseScriptingObjects (0ms)
			CreateAndSetChildDomain (4ms)
		EndReloadAssembly (1117ms)
			LoadAssemblies (141ms)
			RebuildTransferFunctionScriptingTraits (0ms)
			SetupTypeCache (422ms)
			ReleaseScriptCaches (0ms)
			RebuildScriptCaches (89ms)
			SetupLoadedEditorAssemblies (413ms)
				LogAssemblyErrors (0ms)
				InitializePlatformSupportModulesInManaged (10ms)
				SetLoadedEditorAssemblies (0ms)
				RefreshPlugins (82ms)
				BeforeProcessingInitializeOnLoad (26ms)
				ProcessInitializeOnLoadAttributes (216ms)
				ProcessInitializeOnLoadMethodAttributes (77ms)
				AfterProcessingInitializeOnLoad (0ms)
				EditorAssembliesLoaded (0ms)
			ExecutionOrderSort2 (0ms)
			AwakeInstancesAfterBackupRestoration (0ms)
Platform modules already initialized, skipping
Registering precompiled user dll's ...
Registered in 0.037982 seconds.
Begin MonoManager ReloadAssembly
Native extension for WindowsStandalone target not found
Refreshing native plugins compatible for Editor in 0.87 ms, found 3 plugins.
Preloading 0 native plugins for Editor in 0.00 ms.
Mono: successfully reloaded assembly
- Completed reload, in  3.468 seconds
Domain Reload Profiling:
	ReloadAssembly (3470ms)
		BeginReloadAssembly (448ms)
			ExecutionOrderSort (0ms)
			DisableScriptedObjects (27ms)
			BackupInstance (0ms)
			ReleaseScriptingObjects (0ms)
			CreateAndSetChildDomain (47ms)
		EndReloadAssembly (2875ms)
			LoadAssemblies (432ms)
			RebuildTransferFunctionScriptingTraits (0ms)
			SetupTypeCache (943ms)
			ReleaseScriptCaches (1ms)
			RebuildScriptCaches (173ms)
			SetupLoadedEditorAssemblies (1083ms)
				LogAssemblyErrors (0ms)
				InitializePlatformSupportModulesInManaged (15ms)
				SetLoadedEditorAssemblies (1ms)
				RefreshPlugins (1ms)
				BeforeProcessingInitializeOnLoad (141ms)
				ProcessInitializeOnLoadAttributes (880ms)
				ProcessInitializeOnLoadMethodAttributes (22ms)
				AfterProcessingInitializeOnLoad (23ms)
				EditorAssembliesLoaded (1ms)
			ExecutionOrderSort2 (0ms)
			AwakeInstancesAfterBackupRestoration (18ms)
Platform modules already initialized, skipping
========================================================================
Worker process is ready to serve import requests
Launched and connected shader compiler UnityShaderCompiler.exe after 0.22 seconds
Refreshing native plugins compatible for Editor in 1.29 ms, found 3 plugins.
Preloading 0 native plugins for Editor in 0.00 ms.
Unloading 1425 Unused Serialized files (Serialized files now loaded: 0)
System memory in use before: 67.8 MB.
System memory in use after: 67.9 MB.

Unloading 34 unused Assets to reduce memory usage. Loaded Objects now: 1928.
Total: 7.028800 ms (FindLiveObjects: 0.380600 ms CreateObjectMapping: 0.176600 ms MarkObjects: 6.322200 ms  DeleteObjects: 0.145500 ms)

AssetImportParameters requested are different than current active one (requested -> active):
  custom:framework-win-MediaFoundation: 216162199b28c13a410421893ffa2e32 -> 
  custom:video-decoder-ogg-theora: a1e56fd34408186e4bbccfd4996cb3dc -> 
  custom:container-muxer-webm: aa71ff27fc2769a1b78a27578f13a17b -> 
  custom:container-demuxer-webm: 4f35f7cbe854078d1ac9338744f61a02 -> 
  custom:container-demuxer-ogg: 62fdf1f143b41e24485cea50d1cbac27 -> 
  custom:video-encoder-webm-vp8: eb34c28f22e8b96e1ab97ce403110664 -> 
  custom:video-decoder-webm-vp8: 9c59270c3fd7afecdb556c50c9e8de78 -> 
  custom:audio-decoder-ogg-vorbis: bf7c407c2cedff20999df2af8eb42d56 -> 
  custom:audio-encoder-webm-vorbis: bf7c407c2cedff20999df2af8eb42d56 -> 
========================================================================
Received Import Request.
  path: Assets/Scenes/mientras tanto
  artifactKey: Guid(236263d655f3f60438335a6e9216b5c7) Importer(815301076,1909f56bfc062723c751e8b465ee728b)
Start importing Assets/Scenes/mientras tanto using Guid(236263d655f3f60438335a6e9216b5c7) Importer(815301076,1909f56bfc062723c751e8b465ee728b)  -> (artifact id: '7a163b4c20e7f576b3db95025cbfa7e3') in 0.036591 seconds 
  Import took 0.052644 seconds .

========================================================================
Received Import Request.
  Time since last request: 5.347519 seconds.
  path: Assets/Scenes/mientras tanto/a la 1.cs
  artifactKey: Guid(effe8cfa036b03b42b29a7876725912f) Importer(815301076,1909f56bfc062723c751e8b465ee728b)
Start importing Assets/Scenes/mientras tanto/a la 1.cs using Guid(effe8cfa036b03b42b29a7876725912f) Importer(815301076,1909f56bfc062723c751e8b465ee728b)  -> (artifact id: 'dfa949241cabd706952e9e22d6ff6382') in 0.082188 seconds 
  Import took 0.090183 seconds .

========================================================================
Received Import Request.
  Time since last request: 0.004374 seconds.
  path: Assets/Scenes/mientras tanto/a la 1.cs
  artifactKey: Guid(effe8cfa036b03b42b29a7876725912f) Importer(815301076,1909f56bfc062723c751e8b465ee728b)
Start importing Assets/Scenes/mientras tanto/a la 1.cs using Guid(effe8cfa036b03b42b29a7876725912f) Importer(815301076,1909f56bfc062723c751e8b465ee728b)  -> (artifact id: 'dfa949241cabd706952e9e22d6ff6382') in 0.011914 seconds 
  Import took 0.029893 seconds .

========================================================================
Received Prepare
Registering precompiled user dll's ...
Registered in 0.020615 seconds.
Begin MonoManager ReloadAssembly
Native extension for WindowsStandalone target not found
Refreshing native plugins compatible for Editor in 0.76 ms, found 3 plugins.
Preloading 0 native plugins for Editor in 0.00 ms.
Mono: successfully reloaded assembly
- Completed reload, in  3.177 seconds
Domain Reload Profiling:
	ReloadAssembly (3178ms)
		BeginReloadAssembly (308ms)
			ExecutionOrderSort (0ms)
			DisableScriptedObjects (10ms)
			BackupInstance (0ms)
			ReleaseScriptingObjects (0ms)
			CreateAndSetChildDomain (93ms)
		EndReloadAssembly (2687ms)
			LoadAssemblies (309ms)
			RebuildTransferFunctionScriptingTraits (0ms)
			SetupTypeCache (927ms)
			ReleaseScriptCaches (2ms)
			RebuildScriptCaches (123ms)
			SetupLoadedEditorAssemblies (1037ms)
				LogAssemblyErrors (0ms)
				InitializePlatformSupportModulesInManaged (11ms)
				SetLoadedEditorAssemblies (1ms)
				RefreshPlugins (1ms)
				BeforeProcessingInitializeOnLoad (160ms)
				ProcessInitializeOnLoadAttributes (834ms)
				ProcessInitializeOnLoadMethodAttributes (11ms)
				AfterProcessingInitializeOnLoad (18ms)
				EditorAssembliesLoaded (1ms)
			ExecutionOrderSort2 (0ms)
			AwakeInstancesAfterBackupRestoration (18ms)
Platform modules already initialized, skipping
Refreshing native plugins compatible for Editor in 1.23 ms, found 3 plugins.
Preloading 0 native plugins for Editor in 0.00 ms.
Unloading 1418 Unused Serialized files (Serialized files now loaded: 0)
System memory in use before: 67.6 MB.
System memory in use after: 67.7 MB.

Unloading 30 unused Assets to reduce memory usage. Loaded Objects now: 1929.
Total: 6.479500 ms (FindLiveObjects: 0.305100 ms CreateObjectMapping: 0.153100 ms MarkObjects: 5.957700 ms  DeleteObjects: 0.060900 ms)

AssetImportParameters requested are different than current active one (requested -> active):
  custom:framework-win-MediaFoundation: 216162199b28c13a410421893ffa2e32 -> 
  custom:video-decoder-ogg-theora: a1e56fd34408186e4bbccfd4996cb3dc -> 
  custom:container-muxer-webm: aa71ff27fc2769a1b78a27578f13a17b -> 
  custom:container-demuxer-webm: 4f35f7cbe854078d1ac9338744f61a02 -> 
  custom:container-demuxer-ogg: 62fdf1f143b41e24485cea50d1cbac27 -> 
  custom:video-encoder-webm-vp8: eb34c28f22e8b96e1ab97ce403110664 -> 
  custom:video-decoder-webm-vp8: 9c59270c3fd7afecdb556c50c9e8de78 -> 
  custom:audio-decoder-ogg-vorbis: bf7c407c2cedff20999df2af8eb42d56 -> 
  custom:audio-encoder-webm-vorbis: bf7c407c2cedff20999df2af8eb42d56 -> 
AssetImportWorkerClient::OnTransportError - code=2 error=End of file
